<?xml version="1.0" encoding="UTF-8"?>
<!-- Generated by org.testng.reporters.JUnitReportReporter -->
<testsuite skipped="2" hostname="Praveens-Air" name="com.freecrm.test.CasePageTest" tests="2" failures="0" timestamp="07 Aug 2018 11:36:13 GMT" time="0.000" errors="0">
  <testcase name="validateCreateNewCase" time="0.000" classname="com.freecrm.test.CasePageTest">
    <skipped/>
  </testcase> <!-- validateCreateNewCase -->
  <testcase name="Test1" classname="com.freecrm.test.CasePageTest">
    <skipped/>
  </testcase> <!-- Test1 -->
</testsuite> <!-- com.freecrm.test.CasePageTest -->
