<?xml version="1.0" encoding="UTF-8"?>
<!-- Generated by org.testng.reporters.JUnitReportReporter -->
<testsuite skipped="0" hostname="Praveens-MacBook-Air.local" name="com.freecrm.test.PracticeTest" tests="1" failures="0" timestamp="20 Aug 2018 12:05:35 GMT" time="10.713" errors="0">
  <testcase name="Test1" time="10.713" classname="com.freecrm.test.PracticeTest"/>
</testsuite> <!-- com.freecrm.test.PracticeTest -->
